c:\users\uminji\desktop\killbug\killbug\debug\killbug.pch
c:\users\uminji\desktop\killbug\killbug\debug\vc140.pdb
c:\users\uminji\desktop\killbug\killbug\debug\vc140.idb
c:\users\uminji\desktop\killbug\killbug\debug\stdafx.obj
c:\users\uminji\desktop\killbug\killbug\debug\killbug.obj
c:\users\uminji\desktop\killbug\killbug\debug\killbugdlg.obj
c:\users\uminji\desktop\killbug\debug\killbug.ilk
c:\users\uminji\desktop\killbug\debug\killbug.exe
c:\users\uminji\desktop\killbug\debug\killbug.pdb
c:\users\uminji\desktop\killbug\killbug\debug\killbug.res
c:\users\upi90\desktop\한이음_프로젝트파일\killbug\killbug\debug\killbug.obj
c:\users\upi90\desktop\한이음_프로젝트파일\killbug\killbug\debug\killbugdlg.obj
c:\users\upi90\desktop\한이음_프로젝트파일\killbug\killbug\debug\stdafx.obj
c:\users\upi90\desktop\한이음_프로젝트파일\killbug\killbug\debug\killbug.res
c:\users\upi90\desktop\한이음_프로젝트파일\killbug\killbug\debug\killbug.pch
c:\users\upi90\desktop\한이음_프로젝트파일\killbug\killbug\debug\vc140.idb
c:\users\upi90\desktop\한이음_프로젝트파일\killbug\killbug\debug\vc140.pdb
c:\users\upi90\desktop\한이음_프로젝트파일\killbug\debug\killbug.pdb
c:\users\upi90\desktop\한이음_프로젝트파일\killbug\debug\killbug.exe
c:\users\upi90\desktop\한이음_프로젝트파일\killbug\debug\killbug.ilk
c:\users\upi90\desktop\한이음_프로젝트파일\killbug\killbug\debug\killbug.tlog\cl.command.1.tlog
c:\users\upi90\desktop\한이음_프로젝트파일\killbug\killbug\debug\killbug.tlog\cl.read.1.tlog
c:\users\upi90\desktop\한이음_프로젝트파일\killbug\killbug\debug\killbug.tlog\cl.write.1.tlog
c:\users\upi90\desktop\한이음_프로젝트파일\killbug\killbug\debug\killbug.tlog\link.command.1.tlog
c:\users\upi90\desktop\한이음_프로젝트파일\killbug\killbug\debug\killbug.tlog\link.read.1.tlog
c:\users\upi90\desktop\한이음_프로젝트파일\killbug\killbug\debug\killbug.tlog\link.write.1.tlog
c:\users\upi90\desktop\한이음_프로젝트파일\killbug\killbug\debug\killbug.tlog\rc.command.1.tlog
c:\users\upi90\desktop\한이음_프로젝트파일\killbug\killbug\debug\killbug.tlog\rc.read.1.tlog
c:\users\upi90\desktop\한이음_프로젝트파일\killbug\killbug\debug\killbug.tlog\rc.write.1.tlog
